
You: make a simple python code that can calculate quadratic equation in format ax2+bx+c=0 in command line. name the file main.py and place into quad folder in temp folder.

AI: I will create a Python script to calculate the roots of a quadratic equation and place it in the specified directory.

First, I will create the `temp/quad` directory, then write the `main.py` file.
                                                [CMD]mkdir -p temp/quad[/CMD]                   [CMD]echo -e "import sys\n\ndef quadratic(a, b, c):\n    d = (b ** 2) - (4 * a * c)\n    if d > 0:\n        root1 = (-b + d ** 0.5) / (2 * a)\n        root2 = (-b - d ** 0.5) / (2 * a)\n        return f'Two real roots: {root1} and {root2}'\n    elif d == 0:\n        root = -b / (2 * a)\n        return f'One real root: {root}'\n    else:\n        return 'No real roots'\n\nif __name__ == '__main__':\n    if len(sys.argv) != 4:\n        print('Usage: python main.py a b c')\n        sys.exit(1)\n    a, b, c = map(float, sys.argv[1:])\n    print(quadratic(a, b, c))" > temp/quad/main.py[/CMD]                               
The `main.py` script has been created successfully.

### Summary:                                    - A Python script named `main.py` was created in the `temp/quad` directory to calculate the roots of a quadratic equation.
- To run the script, you can use the command: `python temp/quad/main.py a b c`, replacing `a`, `b`, and `c` with actual coefficients.

What would you like to do next?

>>> [AI EXECUTE]: mkdir -p temp/quad

>>> [AI EXECUTE]: echo -e "import sys\n\ndef quadratic(a, b, c):\n    d = (b ** 2) - (4 * a * c)\n    if d > 0:\n        root1 = (-b + d ** 0.5) / (2 * a)\n        root2 = (-b - d ** 0.5) / (2 * a)\n        return f'Two real roots: {root1} and {root2}'\n    elif d == 0:\n        root = -b / (2 * a)\n        return f'One real root: {root}'\n    else:\n        return 'No real roots'\n\nif __name__ == '__main__':\n    if len(sys.argv) != 4:\n        print('Usage: python main.py a b c')\n        sys.exit(1)\n    a, b, c = map(float, sys.argv[1:])\n    print(quadratic(a, b, c))" > temp/quad/main.py                                                                        AI: The `main.py` script has been created successfully in the `temp/quad` directory.                                                            ### Summary:                                    - You can run the script with:                    [CMD]python temp/quad/main.py a b c[/CMD]       where `a`, `b`, and `c` are the coefficients of the quadratic equation.                                                                       Would you like to perform any further actions?                                                  >>> [AI EXECUTE]: python temp/quad/main.py a b c/bin/sh: 1: python: not found                                                                   AI: It seems that the `python` command is not found. I will use `python3` instead to run the script. Let's verify the existence of the script first and then execute it properly.                                                               [CMD]ls temp/quad[/CMD]                         [CMD]python3 temp/quad/main.py 1 -3 2 [/CMD]   # Example using coefficients for the equation x² - 3x + 2 = 0.                                                                                   Let's see if the script runs successfully now.                                                  >>> [AI EXECUTE]: ls temp/quad                  main.py                                         
>>> [AI EXECUTE]: python3 temp/quad/main.py 1 -3 2
  File "/home/userland/AiProject/BasicAiTest/temp/temp/quad/main.py", line 1                        -e import sys
       ^
SyntaxError: invalid syntax
                                                AI: The script file has an error likely caused by misinterpretation of echo command with -e option in the previous command.
                                                I will rewrite the file in a more reliable way by using a here-document.

[CMD]cat > temp/quad/main.py << EOF
import sys                                      
def quadratic(a, b, c):
    d = (b ** 2) - (4 * a * c)
    if d > 0:
        root1 = (-b + d ** 0.5) / (2 * a)
        root2 = (-b - d ** 0.5) / (2 * a)               return f'Two real roots: {root1} and {root2}'
    elif d == 0:
        root = -b / (2 * a)                             return f'One real root: {root}'             else:
        return 'No real roots'

if __name__ == '__main__':
    if len(sys.argv) != 4:
        print('Usage: python3 main.py a b c')           sys.exit(1)                                 a, b, c = map(float, sys.argv[1:])              print(quadratic(a, b, c))
EOF[/CMD]

Then I will re-run the test command:            
[CMD]python3 temp/quad/main.py 1 -3 2[/CMD]

>>> [AI EXECUTE]: cat > temp/quad/main.py << EOF
import sys

def quadratic(a, b, c):
    d = (b ** 2) - (4 * a * c)                      if d > 0:
        root1 = (-b + d ** 0.5) / (2 * a)
        root2 = (-b - d ** 0.5) / (2 * a)
        return f'Two real roots: {root1} and {root2}'
    elif d == 0:
        root = -b / (2 * a)
        return f'One real root: {root}'             else:                                               return 'No real roots'

if __name__ == '__main__':
    if len(sys.argv) != 4:                              print('Usage: python3 main.py a b c')
        sys.exit(1)                                 a, b, c = map(float, sys.argv[1:])
    print(quadratic(a, b, c))
EOF                                                                                             >>> [AI EXECUTE]: python3 temp/quad/main.py 1 -3 2
Two real roots: 2.0 and 1.0

AI: The Python script has been successfully rewritten, and it executed without errors, returning the expected results.
                                                ### Summary:
- The script now accurately calculates the roots of a quadratic equation.
- Example output: For coefficients 1, -3, and 2, the script returned: **"Two real roots: 2.0 and 1.0."**

What would you like to do next?

You:exit
